\BOOKMARK [0][-]{chapter.1}{مروری بر نمودار UML}{}% 1
\BOOKMARK [1][-]{section.1.1}{}{chapter.1}% 2
\BOOKMARK [1][-]{section.1.2}{تعریف}{chapter.1}% 3
\BOOKMARK [1][-]{section.1.3}{}{chapter.1}% 4
\BOOKMARK [1][-]{section.1.4}{انواع نمودارها}{chapter.1}% 5
\BOOKMARK [0][-]{chapter.2}{نحوه‌ی نگارش}{}% 6
\BOOKMARK [1][-]{section.2.1}{پرونده‌ها}{chapter.2}% 7
\BOOKMARK [1][-]{section.2.2}{عبارات ریاضی}{chapter.2}% 8
\BOOKMARK [1][-]{section.2.3}{علائم ریاضی پرکاربرد}{chapter.2}% 9
\BOOKMARK [1][-]{section.2.4}{لیست‌ها}{chapter.2}% 10
\BOOKMARK [1][-]{section.2.5}{درج شکل}{chapter.2}% 11
\BOOKMARK [1][-]{section.2.6}{درج جدول}{chapter.2}% 12
\BOOKMARK [1][-]{section.2.7}{درج الگوریتم}{chapter.2}% 13
\BOOKMARK [1][-]{section.2.8}{محیط‌های ویژه}{chapter.2}% 14
\BOOKMARK [0][-]{chapter.3}{برخی نکات نگارشی}{}% 15
\BOOKMARK [1][-]{section.3.1}{فاصله‌گذاری}{chapter.3}% 16
\BOOKMARK [1][-]{section.3.2}{شکل حروف}{chapter.3}% 17
\BOOKMARK [1][-]{section.3.3}{جدانویسی}{chapter.3}% 18
\BOOKMARK [1][-]{section.3.4}{جدانویسی مرجح}{chapter.3}% 19
\BOOKMARK [0][-]{appendix.Alph1}{مطالب تکمیلی}{}% 20
